2022-06-24 14:27:41 INFO  Bild:63 - start BILD_DE extraction : 2022-06-24 14-27-41
2022-06-24 14:27:41 INFO  Bild:76 - initialize virtual browser ...
2022-06-24 14:27:42 INFO  Bild:108 - https://www.bild.de/archive/2006/12/1/index.html
2022-06-24 14:27:46 INFO  Bild:138 -           https://www.bild.de/sport/bundesliga/daum-koeln-trainingszentrum-1093084.bild.html
2022-06-24 14:27:47 INFO  Bild:138 -           https://www.bild.de/sport/2006/uefa-cup-frankreich-randale-1092796.bild.html
2022-06-24 14:27:47 INFO  Bild:138 -           https://www.bild.de/sport/2006/pups-affaere-pupskissen-1093454.bild.html
2022-06-24 14:27:47 INFO  Bild:138 -           https://www.bild.de/sport/bundesliga/deisler-bayern-bank-1093026.bild.html
2022-06-24 14:27:48 INFO  Bild:138 -           https://www.bild.de/sport/2006/behinderte-fussball-wm-1093516.bild.html
2022-06-24 14:27:48 INFO  Bild:138 -           https://www.bild.de/sport/bundesliga/doll-hsv-abstiegsgefahr-1092968.bild.html
2022-06-24 14:27:49 INFO  Bild:138 -           https://www.bild.de/sport/2006/kahn-kevin-bambi-1093394.bild.html
2022-06-24 14:27:49 INFO  Bild:138 -           https://www.bild.de/sport/2006/ullrich-doping-aussage-1093120.bild.html
2022-06-24 14:27:50 INFO  Bild:138 -           https://www.bild.de/sport/bundesliga/buli-aktuell-mainz-stuttgart-1093094.bild.html
2022-06-24 14:27:50 INFO  Bild:138 -           https://www.bild.de/sport/bundesliga/hg-mainz-zeugnis-1094462.bild.html
2022-06-24 14:27:50 INFO  Bild:138 -           https://www.bild.de/sport/2006/franz-kolumne-europa-1092726.bild.html
2022-06-24 14:27:51 INFO  Bild:138 -           https://www.bild.de/sport/2006/uefa-cup-tabellen-1093630.bild.html
2022-06-24 14:27:51 INFO  Bild:138 -           https://www.bild.de/sport/2006/uefa-fuenf-jahres-wertung-1093474.bild.html
2022-06-24 14:27:51 INFO  Bild:138 -           https://www.bild.de/sport/2006/riesch-ski-sieg-1094344.bild.html
2022-06-24 14:27:52 INFO  Bild:138 -           https://www.bild.de/sport/bundesliga/schalke-slomka-lincoln-1093078.bild.html
2022-06-24 14:27:52 INFO  Bild:138 -           https://www.bild.de/sport/2006/schumacher-kerpen-kart-1093106.bild.html
2022-06-24 14:27:52 INFO  Bild:138 -           https://www.bild.de/auto/2006/trabi-tt-1062966.bild.html
2022-06-24 14:27:53 INFO  Bild:138 -           https://www.bild.de/auto/2006/mercedes-sls-1083292.bild.html
2022-06-24 14:27:53 INFO  Bild:138 -           https://www.bild.de/news/leser-reporter/ar-haustiere-1087508.bild.html
2022-06-24 14:27:53 INFO  Bild:138 -           https://www.bild.de/news/2006/evas-welt-hoeschen-1093298.bild.html
2022-06-24 14:27:54 INFO  Bild:138 -           https://www.bild.de/news/leser-reporter/leserreporter-weihnachtsfeier-5000-euro-1092844.bild.html
2022-06-24 14:27:54 INFO  Bild:138 -           https://www.bild.de/news/2006/schueler-mord-erste-liebe-1093302.bild.html
2022-06-24 14:27:54 INFO  Bild:138 -           https://www.bild.de/news/2006/saturn-gruender-grab-1092992.bild.html
2022-06-24 14:27:55 INFO  Bild:138 -           https://www.bild.de/news/2006/saturn-imagemap-1094242.bild.html
2022-06-24 14:27:55 INFO  Bild:138 -           https://www.bild.de/news/2006/papst-tuerkei-herbst-1092988.bild.html
2022-06-24 14:27:55 INFO  Bild:138 -           https://www.bild.de/news/2006/karibik-agbeordnete-urlaubsgeld-1092986.bild.html
2022-06-24 14:27:56 INFO  Bild:138 -           https://www.bild.de/news/2006/christiane-f-rueckblick-1092982.bild.html
2022-06-24 14:27:56 INFO  Bild:138 -           https://www.bild.de/news/2006/steinbrueck-geld-helden-des-alltags-1092994.bild.html
2022-06-24 14:27:56 INFO  Bild:138 -           https://www.bild.de/news/2006/rauchverbot-politiker-raucher-1092990.bild.html
2022-06-24 14:27:57 INFO  Bild:138 -           https://www.bild.de/news/2006/kommentar-1093926.bild.html
2022-06-24 14:27:57 INFO  Bild:138 -           https://www.bild.de/leute/2006/paris-1094150.bild.html
2022-06-24 14:27:57 INFO  Bild:138 -           https://www.bild.de/leute/2006/silbereisen-trennung-1092804.bild.html
2022-06-24 14:27:58 INFO  Bild:138 -           https://www.bild.de/leute/2006/klatsch-print-1092812.bild.html
2022-06-24 14:27:58 INFO  Bild:138 -           https://www.bild.de/leute/2006/tokio-hotel-konzert-1094148.bild.html
2022-06-24 14:27:58 INFO  Bild:138 -           https://www.bild.de/leute/2006/paola-se-xy-1092806.bild.html
2022-06-24 14:27:59 INFO  Bild:138 -           https://www.bild.de/leute/2006/hg-grosses-bild-1094024.bild.html
2022-06-24 14:27:59 INFO  Bild:138 -           https://www.bild.de/leute/2006/hg-schoenster-bambi-schlitz-1093916.bild.html
2022-06-24 14:27:59 INFO  Bild:138 -           https://www.bild.de/leute/2006/carrell-tochter-1092802.bild.html
2022-06-24 14:28:00 INFO  Bild:138 -           https://www.bild.de/tipps-trends/geld-job/weihnachtsgeschenke-top-flop-1091358.bild.html
2022-06-24 14:28:00 INFO  Bild:138 -           https://www.bild.de/tipps-trends/gesund-fit/ar-alltagsphaenomene-1087796.bild.html
2022-06-24 14:28:00 INFO  Bild:138 -           https://www.bild.de/sport/2006/beckham-los-angeles-galaxy-1091582.bild.html
2022-06-24 14:28:01 INFO  Bild:138 -           https://www.bild.de/news/2006/litwinenko-scaramella-vergiftung-1092650.bild.html
2022-06-24 14:28:01 INFO  Bild:138 -           https://www.bild.de/news/leser-reporter/ar-strand-1090374.bild.html
2022-06-24 14:28:01 INFO  Bild:138 -           https://www.bild.de/tipps-trends/reise/ischgl-oder-saalbach-1082200.bild.html
2022-06-24 14:28:02 INFO  Bild:138 -           https://www.bild.de/tipps-trends/geld-job/tuev-test-serie-schlitten-1070732.bild.html
2022-06-24 14:28:03 INFO  Bild:138 -           https://www.bild.de/tipps-trends/geld-job/tuev-schlitten-ergebnisse-1-1070668.bild.html
2022-06-24 14:28:03 INFO  Bild:138 -           https://www.bild.de/tipps-trends/geld-job/tuev-schlitten-ergebnisse-3-1070674.bild.html
2022-06-24 14:28:03 INFO  Bild:138 -           https://www.bild.de/leute/2006/blieswoods-hollywood-1091536.bild.html
2022-06-24 14:28:04 INFO  Bild:138 -           https://www.bild.de/news/2006/weltaidstag-baby-indien-1091196.bild.html
2022-06-24 14:28:04 INFO  Bild:138 -           https://www.bild.de/sport/bundesliga/herbstmeister-voting-werder-1090806.bild.html
2022-06-24 14:28:04 INFO  Bild:138 -           https://www.bild.de/tipps-trends/digital-leben/ar-sprachkurse-ipod-1083842.bild.html
2022-06-24 14:28:05 INFO  Bild:138 -           https://www.bild.de/leute/2006/dancing-on-ice-jentgens-fussbruch-1091328.bild.html
2022-06-24 14:28:05 INFO  Bild:138 -           https://www.bild.de/tipps-trends/geld-job/studie-erfolg-vererben-1090804.bild.html
2022-06-24 14:28:06 INFO  Bild:138 -           https://www.bild.de/sport/2006/wallwork-manu-messerstecherei-1090962.bild.html
2022-06-24 14:28:06 INFO  Bild:138 -           https://www.bild.de/sport/2006/powell-doping-gefaengnis-strafe-1090444.bild.html
2022-06-24 14:28:06 INFO  Bild:138 -           https://www.bild.de/leute/2006/internetklatsch-michelle-hunziker-1090314.bild.html
2022-06-24 14:28:07 INFO  Bild:138 -           https://www.bild.de/leute/2006/britney-einkauf-slips-1090318.bild.html
2022-06-24 14:28:07 INFO  Bild:138 -           https://www.bild.de/tipps-trends/geld-job/allgemeine-fragen-zur-rente-1087746.bild.html
2022-06-24 14:28:07 INFO  Bild:138 -           https://www.bild.de/tipps-trends/geld-job/guter-anwalt-test-1087744.bild.html
2022-06-24 14:28:08 INFO  Bild:138 -           https://www.bild.de/sport/2006/nancy-uefa-cup-randale-1090348.bild.html
2022-06-24 14:28:08 INFO  Bild:138 -           https://www.bild.de/tipps-trends/geld-job/cheftest-1087592.bild.html
2022-06-24 14:28:09 INFO  Bild:138 -           https://www.bild.de/tipps-trends/geld-job/art-finanzen-ordnen-1087344.bild.html
2022-06-24 14:28:09 INFO  Bild:138 -           https://www.bild.de/news/2006/litwinenko-russland-geheimdienst-1090320.bild.html
2022-06-24 14:28:09 INFO  Bild:138 -           https://www.bild.de/tipps-trends/geld-job/tellerwaescher-millionaer-981232.bild.html
2022-06-24 14:28:10 INFO  Bild:138 -           https://www.bild.de/news/2006/rauchverbot-einigung-koalition-1090196.bild.html
2022-06-24 14:28:10 INFO  Bild:138 -           https://www.bild.de/news/2006/philippinen-schlamm-lawine-1090124.bild.html
2022-06-24 14:28:10 INFO  Bild:138 -           https://www.bild.de/news/2006/raeuber-festnahme-1087644.bild.html
2022-06-24 14:28:11 INFO  Bild:138 -           https://www.bild.de/sport/2006/lehmann-zettel-herz-fuer-kinder-1001644.bild.html
2022-06-24 14:28:11 INFO  Bild:138 -           https://www.bild.de/tipps-trends/gesund-fit/main-fett-aber-gesund-1075084.bild.html
2022-06-24 14:28:11 INFO  Bild:138 -           https://www.bild.de/tipps-trends/gesund-fit/hg-02-rezept-1075984.bild.html
2022-06-24 14:28:12 INFO  Bild:138 -           https://www.bild.de/tipps-trends/gesund-fit/hg-01-rezept-1075966.bild.html
2022-06-24 14:28:12 INFO  Bild:138 -           https://www.bild.de/news/leser-reporter/ar-winterfotos-1081630.bild.html
2022-06-24 14:28:12 INFO  Bild:138 -           https://www.bild.de/news/2006/kommentar-1088140.bild.html
2022-06-24 14:28:13 INFO  Bild:138 -           https://www.bild.de/auto/2006/polizei-ferrari-chile-1085504.bild.html
2022-06-24 14:28:13 INFO  Bild:138 -           https://www.bild.de/leute/2006/britney-vorbilder-1088284.bild.html
2022-06-24 14:28:13 INFO  Bild:138 -           https://www.bild.de/leute/2006/tokio-hotel-konzert-1089066.bild.html
2022-06-24 14:28:14 INFO  Bild:138 -           https://www.bild.de/leute/2006/superstar-lorenzo-s-e-x-1087382.bild.html
2022-06-24 14:28:14 INFO  Bild:138 -           https://www.bild.de/leute/2006/tatort-thomalla-sodann-1087228.bild.html
2022-06-24 14:28:14 INFO  Bild:138 -           https://www.bild.de/leute/2006/fuchsberger-gala-1088286.bild.html
2022-06-24 14:28:15 INFO  Bild:138 -           https://www.bild.de/leute/2006/bettina-zimmermann-trennung-1087576.bild.html
2022-06-24 14:28:15 INFO  Bild:138 -           https://www.bild.de/leute/2006/klatsch-bambi-1088156.bild.html
2022-06-24 14:28:16 INFO  Bild:138 -           https://www.bild.de/news/2006/sexy-muetter-1087648.bild.html
2022-06-24 14:28:16 INFO  Bild:138 -           https://www.bild.de/news/leser-reporter/landung-beule-1087730.bild.html
2022-06-24 14:28:16 INFO  Bild:138 -           https://www.bild.de/news/2006/rentner-mord-liebe-1087646.bild.html
2022-06-24 14:28:17 INFO  Bild:138 -           https://www.bild.de/news/leser-reporter/mieze-seite-1-annabell-weihnachtsfeier-1088366.bild.html
2022-06-24 14:28:17 INFO  Bild:138 -           https://www.bild.de/tipps-trends/digital-leben/mp3-player-1088378.bild.html
2022-06-24 14:28:17 INFO  Bild:138 -           https://www.bild.de/news/2006/knast-folter-beerdigung-1088356.bild.html
2022-06-24 14:28:18 INFO  Bild:138 -           https://www.bild.de/news/2006/buergermeister-vergewaltiger-1087630.bild.html
2022-06-24 14:28:18 INFO  Bild:138 -           https://www.bild.de/news/2006/maxi-tempolimit-1087634.bild.html
2022-06-24 14:28:19 INFO  Bild:138 -           https://www.bild.de/news/2006/riesen-wut-rente-1087632.bild.html
2022-06-24 14:28:19 INFO  Bild:138 -           https://www.bild.de/news/2006/hg-grafik-1088716.bild.html
2022-06-24 14:28:20 INFO  Bild:138 -           https://www.bild.de/news/2006/papst-moschee-1087638.bild.html
2022-06-24 14:28:20 INFO  Bild:138 -           https://www.bild.de/news/2006/stephanie-kerner-1087650.bild.html
2022-06-24 14:28:21 INFO  Bild:138 -           https://www.bild.de/news/2006/stephanie-vergewaltiger-video-1088660.bild.html
2022-06-24 14:28:22 INFO  Bild:108 - https://www.bild.de/archive/2006/12/2/index.html
2022-06-24 14:28:22 INFO  Bild:138 -           https://www.bild.de/news/2006/bams-hahne-1095176.bild.html
2022-06-24 14:28:23 INFO  Bild:138 -           https://www.bild.de/news/leser-reporter/ar-schoenste-laecheln-1090376.bild.html
2022-06-24 14:28:23 INFO  Bild:138 -           https://www.bild.de/leute/2006/bauer-liebeskrieg-1095022.bild.html
2022-06-24 14:28:24 INFO  Bild:138 -           https://www.bild.de/leute/2006/silbereisen-carrell-1096082.bild.html
2022-06-24 14:28:24 INFO  Bild:138 -           https://www.bild.de/sport/bundesliga/spielbericht-bielefeld-leverkusen-1094838.bild.html
2022-06-24 14:28:25 INFO  Bild:138 -           https://www.bild.de/sport/bundesliga/spielbericht-cottbus-hannover-1094834.bild.html
2022-06-24 14:28:25 INFO  Bild:138 -           https://www.bild.de/sport/bundesliga/spielbericht-dortmund-wolfsburg-1094832.bild.html
2022-06-24 14:28:26 INFO  Bild:138 -           https://www.bild.de/sport/bundesliga/spielbericht-mainz-stuttgart-1094830.bild.html
2022-06-24 14:28:26 INFO  Bild:138 -           https://www.bild.de/sport/bundesliga/spielbericht-werder-hertha-1094828.bild.html
2022-06-24 14:28:26 INFO  Bild:138 -           https://www.bild.de/sport/bundesliga/vorschau-aachen-frankfurt-1094826.bild.html
2022-06-24 14:28:27 INFO  Bild:138 -           https://www.bild.de/sport/bundesliga/hg-aachen-1095040.bild.html
2022-06-24 14:28:27 INFO  Bild:138 -           https://www.bild.de/sport/bundesliga/vorschau-nuernberg-schalke-1094824.bild.html
2022-06-24 14:28:28 INFO  Bild:138 -           https://www.bild.de/sport/bundesliga/hg-nuernberg-1095238.bild.html
2022-06-24 14:28:28 INFO  Bild:138 -           https://www.bild.de/sport/bundesliga/breitner-anstoss-1094958.bild.html
2022-06-24 14:28:29 INFO  Bild:138 -           https://www.bild.de/sport/2006/barcelona-ronaldinho-patzer-1096006.bild.html
2022-06-24 14:28:29 INFO  Bild:138 -           https://www.bild.de/sport/2006/riesch-ski-wunder-1096044.bild.html
2022-06-24 14:28:30 INFO  Bild:138 -           https://www.bild.de/sport/bundesliga/daum-koeln-aenderung-1095126.bild.html
2022-06-24 14:28:30 INFO  Bild:138 -           https://www.bild.de/sport/bundesliga/spielbericht-bayern-gladbach-1094840.bild.html
2022-06-24 14:28:31 INFO  Bild:138 -           https://www.bild.de/sport/bundesliga/spielbericht-bochum-hsv-1094836.bild.html
2022-06-24 14:28:31 INFO  Bild:138 -           https://www.bild.de/sport/bundesliga/lage-der-liga-1094866.bild.html
2022-06-24 14:28:32 INFO  Bild:138 -           https://www.bild.de/sport/bundesliga/allofs-bayern-job-1095020.bild.html
2022-06-24 14:28:32 INFO  Bild:138 -           https://www.bild.de/sport/2006/schumacher-kartrennen-1095030.bild.html
2022-06-24 14:28:33 INFO  Bild:138 -           https://www.bild.de/news/2006/muslime-terror-melden-1094938.bild.html
2022-06-24 14:28:33 INFO  Bild:138 -           https://www.bild.de/news/2006/gruene-parteitag-1094934.bild.html
2022-06-24 14:28:34 INFO  Bild:138 -           https://www.bild.de/news/2006/rauchverbot-1094942.bild.html
2022-06-24 14:28:34 INFO  Bild:138 -           https://www.bild.de/news/2006/bams-kommentar-1095182.bild.html
2022-06-24 14:28:35 INFO  Bild:138 -           https://www.bild.de/news/2006/natascha-mutter-1094940.bild.html
2022-06-24 14:28:36 INFO  Bild:138 -           https://www.bild.de/news/2006/litwinenko-1094936.bild.html
2022-06-24 14:28:36 INFO  Bild:138 -           https://www.bild.de/leute/2006/gottschalk-elstner-1095000.bild.html
2022-06-24 14:28:37 INFO  Bild:138 -           https://www.bild.de/leute/2006/christensen-bett-1094990.bild.html
2022-06-24 14:28:37 INFO  Bild:138 -           https://www.bild.de/leute/2006/cruise-flitterwochen-abbruch-1095010.bild.html
2022-06-24 14:28:38 INFO  Bild:138 -           https://www.bild.de/leute/2006/furtado-maenner-1095018.bild.html
2022-06-24 14:28:38 INFO  Bild:138 -           https://www.bild.de/leute/2006/mccartney-psychiater-1094914.bild.html
2022-06-24 14:28:39 INFO  Bild:138 -           https://www.bild.de/sport/bundesliga/dortmund-marwijk-1095214.bild.html
2022-06-24 14:28:40 INFO  Bild:138 -           https://www.bild.de/sport/bundesliga/bundesliga-sammler-15-spieltag-1094802.bild.html
2022-06-24 14:28:40 INFO  Bild:138 -           https://www.bild.de/sport/2006/hannawald-baby-1094810.bild.html
2022-06-24 14:28:40 INFO  Bild:138 -           https://www.bild.de/leute/2006/lindsay-lohan-s-ex-gestaendnis-1094670.bild.html
2022-06-24 14:28:41 INFO  Bild:138 -           https://www.bild.de/sport/2006/biathlon-greis-1094792.bild.html
2022-06-24 14:28:41 INFO  Bild:138 -           https://www.bild.de/sport/2006/buchwald-japan-meister-1094694.bild.html
2022-06-24 14:28:41 INFO  Bild:138 -           https://www.bild.de/leute/2006/britney-federline-fotos-1094552.bild.html
2022-06-24 14:28:42 INFO  Bild:138 -           https://www.bild.de/news/2006/brummi-killer-justizpanne-1094672.bild.html
2022-06-24 14:28:42 INFO  Bild:138 -           https://www.bild.de/news/2006/terror-warnung-fromm-1094528.bild.html
2022-06-24 14:28:43 INFO  Bild:108 - https://www.bild.de/archive/2006/12/3/index.html
2022-06-24 14:28:43 INFO  Bild:138 -           https://www.bild.de/news/2006/schnappi-zirkusdirektor-1096728.bild.html
2022-06-24 14:28:43 INFO  Bild:138 -           https://www.bild.de/news/leser-reporter/feuerwehr-1096742.bild.html
2022-06-24 14:28:44 INFO  Bild:138 -           https://www.bild.de/news/2006/altersserie-scherf-1096712.bild.html
2022-06-24 14:28:45 INFO  Bild:138 -           https://www.bild.de/news/2006/gruene-parteitag-spaesse-1096718.bild.html
2022-06-24 14:28:45 INFO  Bild:138 -           https://www.bild.de/news/2006/geschenk-formel-1096716.bild.html
2022-06-24 14:28:45 INFO  Bild:138 -           https://www.bild.de/news/2006/bremen-haeftling-dach-1096744.bild.html
2022-06-24 14:28:46 INFO  Bild:138 -           https://www.bild.de/news/2006/pinochet-1096724.bild.html
2022-06-24 14:28:47 INFO  Bild:138 -           https://www.bild.de/news/2006/folter-brief-1096720.bild.html
2022-06-24 14:28:47 INFO  Bild:138 -           https://www.bild.de/news/2006/russen-spion-theorien-1096726.bild.html
2022-06-24 14:28:48 INFO  Bild:138 -           https://www.bild.de/news/2006/wagner-1096650.bild.html
2022-06-24 14:28:48 INFO  Bild:138 -           https://www.bild.de/news/2006/muentefering-interview-1096722.bild.html
2022-06-24 14:28:49 INFO  Bild:138 -           https://www.bild.de/news/2006/kommentar-1096644.bild.html
2022-06-24 14:28:49 INFO  Bild:138 -           https://www.bild.de/sport/bundesliga/hecking-hannover-bayern-1096752.bild.html
2022-06-24 14:28:50 INFO  Bild:138 -           https://www.bild.de/sport/bundesliga/netzer-klose-1096532.bild.html
2022-06-24 14:28:50 INFO  Bild:138 -           https://www.bild.de/sport/bundesliga/dortmund-von-heesen-1096536.bild.html
2022-06-24 14:28:50 INFO  Bild:138 -           https://www.bild.de/sport/2006/skispringen-trainer-1096694.bild.html
2022-06-24 14:28:51 INFO  Bild:138 -           https://www.bild.de/sport/bundesliga/magath-bayern-killer-instinkt-1096572.bild.html
2022-06-24 14:28:51 INFO  Bild:138 -           https://www.bild.de/sport/2006/boxen-sturm-1096802.bild.html
2022-06-24 14:28:52 INFO  Bild:138 -           https://www.bild.de/sport/bundesliga/hsv-doll-hoffmann-1096534.bild.html
2022-06-24 14:28:52 INFO  Bild:138 -           https://www.bild.de/sport/bundesliga/hg-02-brief-1097044.bild.html
2022-06-24 14:28:53 INFO  Bild:138 -           https://www.bild.de/sport/bundesliga/hg-van-der-vaart-1097100.bild.html
2022-06-24 14:28:53 INFO  Bild:138 -           https://www.bild.de/sport/bundesliga/hg-moderator-1096946.bild.html
2022-06-24 14:28:54 INFO  Bild:138 -           https://www.bild.de/sport/2006/neureuther-ski-1097648.bild.html
2022-06-24 14:28:54 INFO  Bild:138 -           https://www.bild.de/sport/bundesliga/daum-ball-premiere-1096738.bild.html
2022-06-24 14:28:55 INFO  Bild:138 -           https://www.bild.de/sport/2006/schumacher-kart-1096670.bild.html
2022-06-24 14:28:55 INFO  Bild:138 -           https://www.bild.de/sport/2006/littmann-fussball-boss-hochzeit-1096592.bild.html
2022-06-24 14:28:55 INFO  Bild:138 -           https://www.bild.de/auto/2006/vw-passat-jetta-vergleich-1090490.bild.html
2022-06-24 14:28:56 INFO  Bild:138 -           https://www.bild.de/tipps-trends/geld-job/art-alkohol-betriebsfeier-verhalten-1003070.bild.html
2022-06-24 14:28:56 INFO  Bild:138 -           https://www.bild.de/leute/2006/klatsch-print-1096632.bild.html
2022-06-24 14:28:57 INFO  Bild:138 -           https://www.bild.de/leute/2006/hg-grossklick-1097362.bild.html
2022-06-24 14:28:57 INFO  Bild:138 -           https://www.bild.de/leute/2006/lorenzo-kindheit-1096672.bild.html
2022-06-24 14:28:58 INFO  Bild:138 -           https://www.bild.de/leute/2006/silbereisen-carrell-vergleich-1096674.bild.html
2022-06-24 14:28:58 INFO  Bild:138 -           https://www.bild.de/leute/2006/hg-eckner-1096676.bild.html
2022-06-24 14:28:58 INFO  Bild:138 -           https://www.bild.de/news/2006/explosion-feuerwerksfabrik-england-1097624.bild.html
2022-06-24 14:28:59 INFO  Bild:138 -           https://www.bild.de/sport/bundesliga/spielbericht-aachen-frankfurt-1096528.bild.html
2022-06-24 14:28:59 INFO  Bild:138 -           https://www.bild.de/sport/bundesliga/spielbericht-nuernberg-schalke-1096526.bild.html
2022-06-24 14:29:00 INFO  Bild:138 -           https://www.bild.de/sport/2006/schumacher-kartrennen-ende-1096748.bild.html
2022-06-24 14:29:00 INFO  Bild:138 -           https://www.bild.de/news/2006/flucht-gefaengnis-dach-1096594.bild.html
2022-06-24 14:29:01 INFO  Bild:138 -           https://www.bild.de/leute/2006/paris-eglantina-britney-1096356.bild.html
2022-06-24 14:29:01 INFO  Bild:138 -           https://www.bild.de/leute/2006/filmpreis-europa-leben-andere-1096374.bild.html
2022-06-24 14:29:02 INFO  Bild:138 -           https://www.bild.de/news/2006/muentefering-loehne-1096434.bild.html
2022-06-24 14:29:02 INFO  Bild:138 -           https://www.bild.de/leute/2006/diana-enthuellungsbuch-1094948.bild.html
2022-06-24 14:29:03 INFO  Bild:138 -           https://www.bild.de/news/2006/miss-bayern-1096364.bild.html
2022-06-24 14:29:03 INFO  Bild:138 -           https://www.bild.de/news/2006/beck-1094932.bild.html
2022-06-24 14:29:04 INFO  Bild:138 -           https://www.bild.de/leute/2006/dancing-on-ice-moschner-sieg-1096184.bild.html
2022-06-24 14:29:04 INFO  Bild:138 -           https://www.bild.de/news/2006/schornstein-sprengung-1096308.bild.html
2022-06-24 14:29:05 INFO  Bild:138 -           https://www.bild.de/news/2006/pinochet-herzinfarkt-1096154.bild.html
2022-06-24 14:29:06 INFO  Bild:138 -           https://www.bild.de/news/2006/stephanie-1094944.bild.html
2022-06-24 14:29:06 INFO  Bild:138 -           https://www.bild.de/sport/2006/boxen-schulz-1095034.bild.html
2022-06-24 14:29:07 INFO  Bild:138 -           https://www.bild.de/sport/2006/hg-gedaechtnisluecken-1095230.bild.html
2022-06-24 14:29:07 INFO  Bild:138 -           https://www.bild.de/sport/2006/boxen-sturm-1095032.bild.html
2022-06-24 14:29:07 INFO  Bild:108 - https://www.bild.de/archive/2006/12/4/index.html
2022-06-24 14:29:08 INFO  Bild:138 -           https://www.bild.de/tipps-trends/geld-job/raclette-festtagspreise-1097502.bild.html
2022-06-24 14:29:08 INFO  Bild:138 -           https://www.bild.de/news/leser-reporter/ar-bart-1098310.bild.html
2022-06-24 14:29:09 INFO  Bild:138 -           https://www.bild.de/auto/2006/vw-crosstouran-1099850.bild.html
2022-06-24 14:29:10 INFO  Bild:138 -           https://www.bild.de/auto/2006/tiefensee-bussgelder-1098086.bild.html
2022-06-24 14:29:10 INFO  Bild:138 -           https://www.bild.de/auto/2006/lamborghini-murcielago-1092252.bild.html
2022-06-24 14:29:11 INFO  Bild:138 -           https://www.bild.de/tipps-trends/gesund-fit/wein-1092898.bild.html
2022-06-24 14:29:11 INFO  Bild:138 -           https://www.bild.de/tipps-trends/geld-job/art-aenderungen-2007-1060114.bild.html
2022-06-24 14:29:11 INFO  Bild:138 -           https://www.bild.de/news/2006/wagner-1101598.bild.html
2022-06-24 14:29:12 INFO  Bild:138 -           https://www.bild.de/sport/2006/neureuther-mittermaier-mutter-1101682.bild.html
2022-06-24 14:29:12 INFO  Bild:138 -           https://www.bild.de/sport/bundesliga/bielefeld-von-heesen-gespaeche-1101930.bild.html
2022-06-24 14:29:13 INFO  Bild:138 -           https://www.bild.de/sport/2006/blatter-beckenbauer-1101960.bild.html
2022-06-24 14:29:13 INFO  Bild:138 -           https://www.bild.de/sport/2006/jansen-freundin-model-1102296.bild.html
2022-06-24 14:29:14 INFO  Bild:138 -           https://www.bild.de/sport/bundesliga/schalke-rost-nummer2-hsv-1102024.bild.html
2022-06-24 14:29:14 INFO  Bild:138 -           https://www.bild.de/sport/bundesliga/hsv-ruecktritt-doll-1101896.bild.html
2022-06-24 14:29:15 INFO  Bild:138 -           https://www.bild.de/sport/bundesliga/hg-1-draxler-1102506.bild.html
2022-06-24 14:29:16 INFO  Bild:138 -           https://www.bild.de/sport/bundesliga/koeln-daum-aktuell-1102158.bild.html
2022-06-24 14:29:16 INFO  Bild:138 -           https://www.bild.de/sport/2006/cl-werder-barcelona-1101712.bild.html
2022-06-24 14:29:17 INFO  Bild:138 -           https://www.bild.de/sport/2006/cl-bayern-inter-1101792.bild.html
2022-06-24 14:29:17 INFO  Bild:138 -           https://www.bild.de/sport/2006/hg-2-aufstellung-werder-barcelona-1102980.bild.html
2022-06-24 14:29:17 INFO  Bild:138 -           https://www.bild.de/sport/2006/hg-1-schuster-1102950.bild.html
2022-06-24 14:29:18 INFO  Bild:138 -           https://www.bild.de/news/2006/schloss-gymnich-ast-kind-erschlagen-1102230.bild.html
2022-06-24 14:29:18 INFO  Bild:138 -           https://www.bild.de/news/2006/frau-plastik-puppe-1101440.bild.html
2022-06-24 14:29:18 INFO  Bild:138 -           https://www.bild.de/news/leser-reporter/weihnachtsfeier-maeuse-1102172.bild.html
2022-06-24 14:29:19 INFO  Bild:138 -           https://www.bild.de/news/2006/leichen-marzahn-1101958.bild.html
2022-06-24 14:29:20 INFO  Bild:138 -           https://www.bild.de/news/2006/scherf-serie-glueck-teil-2-1101448.bild.html
2022-06-24 14:29:20 INFO  Bild:138 -           https://www.bild.de/news/2006/litwinenko-spion-wissen-1101444.bild.html
2022-06-24 14:29:20 INFO  Bild:138 -           https://www.bild.de/news/2006/irak-annan-saddam-1101442.bild.html
2022-06-24 14:29:21 INFO  Bild:138 -           https://www.bild.de/news/2006/irak-vergewaltigung-urteil-1038838.bild.html
2022-06-24 14:29:21 INFO  Bild:138 -           https://www.bild.de/news/2006/stephanie-vergewaltiger-knastbrief-1101450.bild.html
2022-06-24 14:29:22 INFO  Bild:138 -           https://www.bild.de/tipps-trends/geld-job/lohn-formular-1101388.bild.html
2022-06-24 14:29:22 INFO  Bild:138 -           https://www.bild.de/tipps-trends/geld-job/grafik-statistik-1102696.bild.html
2022-06-24 14:29:23 INFO  Bild:138 -           https://www.bild.de/news/2006/kommentar-1101532.bild.html
2022-06-24 14:29:23 INFO  Bild:138 -           https://www.bild.de/leute/2006/effenberg-strunz-kinder-gericht-1101714.bild.html
2022-06-24 14:29:24 INFO  Bild:138 -           https://www.bild.de/leute/2006/heesters-frau-treue-1100736.bild.html
2022-06-24 14:29:25 INFO  Bild:138 -           https://www.bild.de/leute/2006/clooney-schwein-1102174.bild.html
2022-06-24 14:29:25 INFO  Bild:138 -           https://www.bild.de/leute/2006/ferres-bedrohung-1101382.bild.html
2022-06-24 14:29:25 INFO  Bild:138 -           https://www.bild.de/leute/2006/klatsch-paris-hilton-1101268.bild.html
2022-06-24 14:29:26 INFO  Bild:138 -           https://www.bild.de/leute/2006/kylie-martinez-affaere-1100332.bild.html
2022-06-24 14:29:27 INFO  Bild:138 -           https://www.bild.de/sport/2006/klose-juventus-reise-1099676.bild.html
2022-06-24 14:29:27 INFO  Bild:138 -           https://www.bild.de/news/2006/mannesmann-geldstrafen-anfragen-1100224.bild.html
2022-06-24 14:29:28 INFO  Bild:138 -           https://www.bild.de/tipps-trends/geld-job/artikel-leasing-209438.bild.html
2022-06-24 14:29:28 INFO  Bild:138 -           https://www.bild.de/tipps-trends/geld-job/artikel-lzb-209542.bild.html
2022-06-24 14:29:29 INFO  Bild:138 -           https://www.bild.de/tipps-trends/geld-job/artikel-linienchart-209470.bild.html
2022-06-24 14:29:29 INFO  Bild:138 -           https://www.bild.de/tipps-trends/gesund-fit/warnung-schlankheitsmittel-china-1098526.bild.html
2022-06-24 14:29:30 INFO  Bild:138 -           https://www.bild.de/news/leser-reporter/ar-bondgirl-1099042.bild.html
2022-06-24 14:29:30 INFO  Bild:138 -           https://www.bild.de/news/leser-reporter/ar-alternative-antwortseite-1099586.bild.html
2022-06-24 14:29:31 INFO  Bild:138 -           https://www.bild.de/tipps-trends/geld-job/artikel-leistungsrate-209452.bild.html
2022-06-24 14:29:31 INFO  Bild:138 -           https://www.bild.de/tipps-trends/geld-job/artikel-moodys-210558.bild.html
2022-06-24 14:29:32 INFO  Bild:138 -           https://www.bild.de/sport/bundesliga/schlaudraff-bayern-1099476.bild.html
2022-06-24 14:29:32 INFO  Bild:138 -           https://www.bild.de/tipps-trends/geld-job/artikel-marktpreis-210608.bild.html
2022-06-24 14:29:32 INFO  Bild:138 -           https://www.bild.de/tipps-trends/geld-job/artikel-mehrwertsteuer-210600.bild.html
2022-06-24 14:29:33 INFO  Bild:138 -           https://www.bild.de/tipps-trends/geld-job/artikel-marktwert-210598.bild.html
2022-06-24 14:29:33 INFO  Bild:138 -           https://www.bild.de/tipps-trends/geld-job/artikel-mindestanlage-210544.bild.html
2022-06-24 14:29:34 INFO  Bild:138 -           https://www.bild.de/news/2006/berlin-marzahn-vier-tote-1099372.bild.html
2022-06-24 14:29:34 INFO  Bild:138 -           https://www.bild.de/tipps-trends/geld-job/artikel-mbo-210468.bild.html
2022-06-24 14:29:35 INFO  Bild:138 -           https://www.bild.de/leute/2006/internetklatsch-dolly-parton-1098292.bild.html
2022-06-24 14:29:35 INFO  Bild:138 -           https://www.bild.de/tipps-trends/geld-job/artikel-marge-210214.bild.html
2022-06-24 14:29:36 INFO  Bild:138 -           https://www.bild.de/tipps-trends/geld-job/artikel-maklergebuehr-210202.bild.html
2022-06-24 14:29:36 INFO  Bild:138 -           https://www.bild.de/leute/2006/paris-hilton-kussfotos-eglantina-1098338.bild.html
2022-06-24 14:29:37 INFO  Bild:138 -           https://www.bild.de/leute/2006/grossansicht-1098806.bild.html
2022-06-24 14:29:37 INFO  Bild:138 -           https://www.bild.de/leute/musik/take-that-beautiful-world-1099036.bild.html
2022-06-24 14:29:38 INFO  Bild:138 -           https://www.bild.de/tipps-trends/geld-job/artikel-neuermarkt-210778.bild.html
2022-06-24 14:29:38 INFO  Bild:138 -           https://www.bild.de/tipps-trends/geld-job/artikel-namensaktien-210618.bild.html
2022-06-24 14:29:39 INFO  Bild:138 -           https://www.bild.de/tipps-trends/geld-job/artikel-orderpapiere-211036.bild.html
2022-06-24 14:29:39 INFO  Bild:138 -           https://www.bild.de/tipps-trends/geld-job/artikel-operativesgeschaeft-211004.bild.html
2022-06-24 14:29:40 INFO  Bild:138 -           https://www.bild.de/news/leser-reporter/lieber-als-witze-1098796.bild.html
2022-06-24 14:29:40 INFO  Bild:138 -           https://www.bild.de/tipps-trends/geld-job/artikel-otc-211048.bild.html
2022-06-24 14:29:41 INFO  Bild:138 -           https://www.bild.de/tipps-trends/geld-job/artikel-orderscheck-211046.bild.html
2022-06-24 14:29:41 INFO  Bild:138 -           https://www.bild.de/tipps-trends/geld-job/artikel-online-shopping-211002.bild.html
2022-06-24 14:29:42 INFO  Bild:138 -           https://www.bild.de/auto/2006/corvette-crc-1066418.bild.html
2022-06-24 14:29:43 INFO  Bild:138 -           https://www.bild.de/news/2006/annan-irak-buergerkrieg-1098374.bild.html
2022-06-24 14:29:43 INFO  Bild:138 -           https://www.bild.de/tipps-trends/geld-job/artikel-pexp-211678.bild.html
2022-06-24 14:29:44 INFO  Bild:138 -           https://www.bild.de/tipps-trends/geld-job/artikel-personengesellschaft-211822.bild.html
2022-06-24 14:29:45 INFO  Bild:138 -           https://www.bild.de/tipps-trends/geld-job/artikel-publikumswerte-211786.bild.html
2022-06-24 14:29:45 INFO  Bild:138 -           https://www.bild.de/news/2006/vietnam-taifun-1098380.bild.html
2022-06-24 14:29:46 INFO  Bild:138 -           https://www.bild.de/tipps-trends/geld-job/artikel-plusankuendigung-211726.bild.html
2022-06-24 14:29:46 INFO  Bild:138 -           https://www.bild.de/tipps-trends/geld-job/artikel-pex-211676.bild.html
2022-06-24 14:29:47 INFO  Bild:138 -           https://www.bild.de/tipps-trends/geld-job/artikel-performance-index-211668.bild.html
2022-06-24 14:29:47 INFO  Bild:138 -           https://www.bild.de/tipps-trends/geld-job/artikel-pensionsgeschaefte-211502.bild.html
2022-06-24 14:29:48 INFO  Bild:138 -           https://www.bild.de/tipps-trends/geld-job/artikel-parketthandel-211324.bild.html
2022-06-24 14:29:48 INFO  Bild:138 -           https://www.bild.de/news/2006/litwinenko-russenspion-scaramella-auspacken-1097854.bild.html
2022-06-24 14:29:49 INFO  Bild:138 -           https://www.bild.de/news/2006/kreuzfahrtschiff-virus-freedom-of-the-seas-1097816.bild.html
2022-06-24 14:29:51 INFO  Bild:138 -           https://www.bild.de/auto/2006/wintercheck-1025796.bild.html
2022-06-24 14:29:52 INFO  Bild:138 -           https://www.bild.de/auto/2006/fahrtraining-1025196.bild.html
2022-06-24 14:29:53 INFO  Bild:138 -           https://www.bild.de/auto/2006/recht-1023948.bild.html
2022-06-24 14:29:53 INFO  Bild:138 -           https://www.bild.de/auto/2006/winterreifen-wechsel-1025826.bild.html
2022-06-24 14:29:54 INFO  Bild:138 -           https://www.bild.de/news/2006/papst-vertrauter-zoelibat-1096798.bild.html
2022-06-24 14:29:54 INFO  Bild:138 -           https://www.bild.de/tipps-trends/reise/tchibo-bahntickets-1096974.bild.html
2022-06-24 14:29:55 INFO  Bild:138 -           https://www.bild.de/tipps-trends/reise/direktflug-paradies-1066328.bild.html
2022-06-24 14:29:56 INFO  Bild:138 -           https://www.bild.de/tipps-trends/reise/hg-dominikanische-republik-kompakt-1066608.bild.html
2022-06-24 14:29:56 INFO  Bild:138 -           https://www.bild.de/tipps-trends/gesund-fit/zimtsterne-1095570.bild.html
2022-06-24 14:29:56 INFO  Bild:108 - https://www.bild.de/archive/2006/12/5/index.html
2022-06-24 14:29:57 INFO  Bild:138 -           https://www.bild.de/tipps-trends/reise/streik-urteil-1105054.bild.html
2022-06-24 14:29:57 INFO  Bild:138 -           https://www.bild.de/news/leser-reporter/ar-hsv-fans-1072672.bild.html
2022-06-24 14:29:58 INFO  Bild:138 -           https://www.bild.de/news/leser-reporter/ar-baby-1103950.bild.html
2022-06-24 14:29:58 INFO  Bild:138 -           https://www.bild.de/tipps-trends/geld-job/diebstahl-bueroartikel-liste-1087328.bild.html
2022-06-24 14:29:58 INFO  Bild:138 -           https://www.bild.de/news/2006/kommentar-1107294.bild.html
2022-06-24 14:29:59 INFO  Bild:138 -           https://www.bild.de/sport/bundesliga/klopp-mainz-wache-1107372.bild.html
2022-06-24 14:29:59 INFO  Bild:138 -           https://www.bild.de/sport/bundesliga/von-heesen-dortmund-1107370.bild.html
2022-06-24 14:30:00 INFO  Bild:138 -           https://www.bild.de/sport/2006/basketball-schock-foto-1108010.bild.html
2022-06-24 14:30:00 INFO  Bild:138 -           https://www.bild.de/sport/2006/lehmann-hsv-champions-league-1107234.bild.html
2022-06-24 14:30:01 INFO  Bild:138 -           https://www.bild.de/sport/bundesliga/hsv-rost-torwart-1106488.bild.html
2022-06-24 14:30:01 INFO  Bild:138 -           https://www.bild.de/sport/bundesliga/hg-hsv-doll-1107510.bild.html
2022-06-24 14:30:02 INFO  Bild:138 -           https://www.bild.de/sport/2006/sex-y-fussball-frauen-1107344.bild.html
2022-06-24 14:30:02 INFO  Bild:138 -           https://www.bild.de/sport/2006/ullrich-manager-1107334.bild.html
2022-06-24 14:30:02 INFO  Bild:138 -           https://www.bild.de/sport/bundesliga/daum-koeln-1106490.bild.html
2022-06-24 14:30:03 INFO  Bild:138 -           https://www.bild.de/sport/2006/barcelona-werder-champions-league-1106492.bild.html
2022-06-24 14:30:03 INFO  Bild:138 -           https://www.bild.de/sport/2006/hg-noten-1108312.bild.html
2022-06-24 14:30:04 INFO  Bild:138 -           https://www.bild.de/sport/2006/hg-chelsea-1108294.bild.html
2022-06-24 14:30:05 INFO  Bild:138 -           https://www.bild.de/sport/bundesliga/klose-juventus-1107304.bild.html
2022-06-24 14:30:05 INFO  Bild:138 -           https://www.bild.de/sport/2006/bayern-inter-champions-league-1107016.bild.html
2022-06-24 14:30:06 INFO  Bild:138 -           https://www.bild.de/sport/2006/hg-1-spielernoten-1108318.bild.html
2022-06-24 14:30:06 INFO  Bild:138 -           https://www.bild.de/sport/2006/schulz-boxen-nochmal-kampf-1106496.bild.html
2022-06-24 14:30:07 INFO  Bild:138 -           https://www.bild.de/leute/2006/winslet-nackt-1106856.bild.html
2022-06-24 14:30:07 INFO  Bild:138 -           https://www.bild.de/leute/2006/klatsch-print-price-charles-051206-1106842.bild.html
2022-06-24 14:30:07 INFO  Bild:138 -           https://www.bild.de/leute/2006/murphy-vaterschaftstest-1107320.bild.html
2022-06-24 14:30:08 INFO  Bild:138 -           https://www.bild.de/leute/2006/silbereisen-carrell-entschuldigung-himmel-1106852.bild.html
2022-06-24 14:30:08 INFO  Bild:138 -           https://www.bild.de/leute/2006/ferres-stephanie-ehfk-1106848.bild.html
2022-06-24 14:30:09 INFO  Bild:138 -           https://www.bild.de/leute/2006/hg-ferres-bild-gala-1108144.bild.html
2022-06-24 14:30:10 INFO  Bild:138 -           https://www.bild.de/sport/2006/effenberg-kinder-klage-1107060.bild.html
2022-06-24 14:30:10 INFO  Bild:138 -           https://www.bild.de/sport/2006/hackl-rodeln-rekord-1107514.bild.html
2022-06-24 14:30:11 INFO  Bild:138 -           https://www.bild.de/news/2006/freund-28-jahre-juenger-1106912.bild.html
2022-06-24 14:30:11 INFO  Bild:138 -           https://www.bild.de/news/2006/miss-suechtig-1106918.bild.html
2022-06-24 14:30:12 INFO  Bild:138 -           https://www.bild.de/news/leser-reporter/weihnachtsfeier-maedels-bohren-1107168.bild.html
2022-06-24 14:30:12 INFO  Bild:138 -           https://www.bild.de/news/2006/scherf-serie-glueck-teil-3-fortsetzung-1107992.bild.html
2022-06-24 14:30:13 INFO  Bild:138 -           https://www.bild.de/tipps-trends/geld-job/hg-tabelle-1108176.bild.html
2022-06-24 14:30:13 INFO  Bild:138 -           https://www.bild.de/news/2006/tuerkei-merkel-eu-1106922.bild.html
2022-06-24 14:30:14 INFO  Bild:138 -           https://www.bild.de/news/2006/schroeders-katze-pfote-amputation-1106920.bild.html
2022-06-24 14:30:15 INFO  Bild:138 -           https://www.bild.de/news/2006/gruene-ehe-abschaffen-1106914.bild.html
2022-06-24 14:30:15 INFO  Bild:138 -           https://www.bild.de/news/2006/wagner-1107470.bild.html
2022-06-24 14:30:16 INFO  Bild:138 -           https://www.bild.de/tipps-trends/geld-job/loehne-erste-chefs-zahlen-mehr-1106916.bild.html
2022-06-24 14:30:17 INFO  Bild:138 -           https://www.bild.de/tipps-trends/geld-job/diebstahl-arbeitsplatz-25394.bild.html
2022-06-24 14:30:17 INFO  Bild:138 -           https://www.bild.de/sport/bundesliga/koeln-daum-voting-1104306.bild.html
2022-06-24 14:30:18 INFO  Bild:138 -           https://www.bild.de/tipps-trends/gesund-fit/kalorien-weihnachtsmarkt-1103744.bild.html
2022-06-24 14:30:18 INFO  Bild:138 -           https://www.bild.de/leute/musik/all-saints-1106418.bild.html
2022-06-24 14:30:19 INFO  Bild:138 -           https://www.bild.de/sport/2006/mourinho-kopfschmerzen-klinik-1105284.bild.html
2022-06-24 14:30:20 INFO  Bild:138 -           https://www.bild.de/auto/2006/weihachts-hummer-1101146.bild.html
2022-06-24 14:30:20 INFO  Bild:138 -           https://www.bild.de/tipps-trends/gesund-fit/studie-maenner-bildderfrau-1100004.bild.html
2022-06-24 14:30:21 INFO  Bild:138 -           https://www.bild.de/leute/2006/mills-filmaufnahmen-haus-mccartney-1103720.bild.html
2022-06-24 14:30:21 INFO  Bild:138 -           https://www.bild.de/news/2006/serienmoerder-gestaendnis-usa-1104480.bild.html
2022-06-24 14:30:22 INFO  Bild:138 -           https://www.bild.de/sport/2006/beckham-inter-mailand-1104100.bild.html
2022-06-24 14:30:23 INFO  Bild:138 -           https://www.bild.de/tipps-trends/reise/ar-abu-dhabi-1075380.bild.html
2022-06-24 14:30:23 INFO  Bild:138 -           https://www.bild.de/sport/2006/cl-werder-barca-wunder-1103486.bild.html
2022-06-24 14:30:24 INFO  Bild:138 -           https://www.bild.de/news/2006/mutter-schnee-rettung-1103938.bild.html
2022-06-24 14:30:25 INFO  Bild:138 -           https://www.bild.de/leute/2006/internetklatsch-liebeskrachometer-1103474.bild.html
2022-06-24 14:30:26 INFO  Bild:138 -           https://www.bild.de/news/2006/tuerkei-beitrittsverhandlungen-eu-aussetzen-1103802.bild.html
2022-06-24 14:30:26 INFO  Bild:138 -           https://www.bild.de/leute/2006/stoehn-songs-1100092.bild.html
2022-06-24 14:30:28 INFO  Bild:138 -           https://www.bild.de/leute/2006/katie-price-prinz-charles-1103286.bild.html
2022-06-24 14:30:28 INFO  Bild:138 -           https://www.bild.de/tipps-trends/gesund-fit/todes-pyramide-1101438.bild.html
2022-06-24 14:30:29 INFO  Bild:138 -           https://www.bild.de/auto/2006/auto-union-versteigerung-1079858.bild.html
2022-06-24 14:30:29 INFO  Bild:138 -           https://www.bild.de/auto/2006/dudu-beetle-1060208.bild.html
2022-06-24 14:30:30 INFO  Bild:138 -           https://www.bild.de/tipps-trends/gesund-fit/herz-zellen-1101454.bild.html
2022-06-24 14:30:30 INFO  Bild:108 - https://www.bild.de/archive/2006/12/6/index.html
2022-06-24 14:30:31 INFO  Bild:138 -           https://www.bild.de/news/2006/wagner-1111872.bild.html
2022-06-24 14:30:32 INFO  Bild:138 -           https://www.bild.de/news/2006/kommentar-1111860.bild.html
2022-06-24 14:30:32 INFO  Bild:138 -           https://www.bild.de/sport/2006/effenberg-strunz-ehe-1112216.bild.html
2022-06-24 14:30:32 INFO  Bild:138 -           https://www.bild.de/sport/2006/basketball-schock-greene-fuss-1112024.bild.html
2022-06-24 14:30:33 INFO  Bild:138 -           https://www.bild.de/sport/2006/johnson-lewis-verschwoerung-1112158.bild.html
2022-06-24 14:30:33 INFO  Bild:138 -           https://www.bild.de/sport/2006/cl-hsv-aktuell-1112542.bild.html
2022-06-24 14:30:34 INFO  Bild:138 -           https://www.bild.de/sport/2006/hg-noten-1113790.bild.html
2022-06-24 14:30:34 INFO  Bild:138 -           https://www.bild.de/sport/2006/boxen-schulz-comeback-1112152.bild.html
2022-06-24 14:30:35 INFO  Bild:138 -           https://www.bild.de/sport/bundesliga/hertha-simunic-1112498.bild.html
2022-06-24 14:30:36 INFO  Bild:138 -           https://www.bild.de/sport/bundesliga/hsv-aufsichtsrat-absage-1112364.bild.html
2022-06-24 14:30:37 INFO  Bild:138 -           https://www.bild.de/sport/bundesliga/schwalben-betrueger-dfb-1112282.bild.html
2022-06-24 14:30:37 INFO  Bild:138 -           https://www.bild.de/sport/bundesliga/daum-koeln-jovetic-1112484.bild.html
2022-06-24 14:30:38 INFO  Bild:138 -           https://www.bild.de/sport/bundesliga/bayern-kahn-explosion-1112428.bild.html
2022-06-24 14:30:38 INFO  Bild:138 -           https://www.bild.de/news/leser-reporter/ar-auto-1108816.bild.html
2022-06-24 14:30:39 INFO  Bild:138 -           https://www.bild.de/news/2006/kohl-fotograf-biskup-1112040.bild.html
2022-06-24 14:30:39 INFO  Bild:138 -           https://www.bild.de/news/2006/main-scherf-serie-glueck-teil-4-1112406.bild.html
2022-06-24 14:30:40 INFO  Bild:138 -           https://www.bild.de/news/2006/prozess-swingerclub-mann-schwiegermutter-1112054.bild.html
2022-06-24 14:30:41 INFO  Bild:138 -           https://www.bild.de/news/leser-reporter/weihnachtsfeier-n_ackte-fussball-kanonen-1111930.bild.html
2022-06-24 14:30:41 INFO  Bild:138 -           https://www.bild.de/news/2006/waermster-dezember-1112506.bild.html
2022-06-24 14:30:42 INFO  Bild:138 -           https://www.bild.de/news/2006/polizisten-moerder-malerei-knast-1112050.bild.html
2022-06-24 14:30:42 INFO  Bild:138 -           https://www.bild.de/tipps-trends/geld-job/lohn-debatte-arbeiter-klage-1112022.bild.html
2022-06-24 14:30:43 INFO  Bild:138 -           https://www.bild.de/tipps-trends/geld-job/hg-erster-tarifabschluss-1113490.bild.html
2022-06-24 14:30:44 INFO  Bild:138 -           https://www.bild.de/news/2006/irak-usa-vietnam-1112038.bild.html
2022-06-24 14:30:44 INFO  Bild:138 -           https://www.bild.de/news/2006/stephanie-vergewaltiger-gutachten-1112138.bild.html
2022-06-24 14:30:45 INFO  Bild:138 -           https://www.bild.de/news/2006/hg-1-kerner-aussage-1113006.bild.html
2022-06-24 14:30:45 INFO  Bild:138 -           https://www.bild.de/news/2006/amokschueler-baden-wurttemberg-foto-1112034.bild.html
2022-06-24 14:30:46 INFO  Bild:138 -           https://www.bild.de/tipps-trends/geld-job/bussgelder-abzocke-1094952.bild.html
2022-06-24 14:30:46 INFO  Bild:138 -           https://www.bild.de/tipps-trends/geld-job/hg-1-tiefensee-plan-1094986.bild.html
2022-06-24 14:30:47 INFO  Bild:138 -           https://www.bild.de/tipps-trends/geld-job/sorgen-liste-1109794.bild.html
2022-06-24 14:30:48 INFO  Bild:138 -           https://www.bild.de/leute/2006/karl-lagerfeld-poebel-attacke-tv-1111880.bild.html
2022-06-24 14:30:48 INFO  Bild:138 -           https://www.bild.de/leute/2006/aniston-trennung-mann-weg-1111950.bild.html
2022-06-24 14:30:49 INFO  Bild:138 -           https://www.bild.de/leute/2006/barbara-eligmann-schwanger-1111874.bild.html
2022-06-24 14:30:50 INFO  Bild:138 -           https://www.bild.de/sport/bundesliga/hsv-aufsichtsrat-sitzung-absage-1111534.bild.html
2022-06-24 14:30:50 INFO  Bild:138 -           https://www.bild.de/auto/2006/essen-motor-show-girls-1102016.bild.html
2022-06-24 14:30:51 INFO  Bild:138 -           https://www.bild.de/auto/2006/touareg-zieht-jumbo-1079296.bild.html
2022-06-24 14:30:52 INFO  Bild:138 -           https://www.bild.de/sport/2006/barcelona-werder-stimmen-1108800.bild.html
2022-06-24 14:30:52 INFO  Bild:138 -           https://www.bild.de/tipps-trends/geld-job/online-shopping-sicherheit-neu-1082198.bild.html
2022-06-24 14:30:53 INFO  Bild:138 -           https://www.bild.de/leute/2006/lieblings-star-2006-1000948.bild.html
2022-06-24 14:30:54 INFO  Bild:138 -           https://www.bild.de/tipps-trends/geld-job/tuev-test-serie-fahrrad-1096596.bild.html
2022-06-24 14:30:54 INFO  Bild:138 -           https://www.bild.de/tipps-trends/geld-job/tuev-fahrrad-ergebnisse-1-1096598.bild.html
2022-06-24 14:30:55 INFO  Bild:138 -           https://www.bild.de/tipps-trends/geld-job/tuev-fahrrad-ergebnisse-2-1096600.bild.html
2022-06-24 14:30:55 INFO  Bild:138 -           https://www.bild.de/tipps-trends/gesund-fit/co-artikel-1102170.bild.html
2022-06-24 14:30:56 INFO  Bild:138 -           https://www.bild.de/tipps-trends/gesund-fit/transfette-new-york-1109370.bild.html
2022-06-24 14:30:56 INFO  Bild:138 -           https://www.bild.de/leute/2006/internetklatsch-britney-1108746.bild.html
2022-06-24 14:30:57 INFO  Bild:138 -           https://www.bild.de/news/leser-reporter/ar-gsell-1109360.bild.html
2022-06-24 14:30:57 INFO  Bild:138 -           https://www.bild.de/leute/2006/hepburn-kleid-beckham-1108920.bild.html
2022-06-24 14:30:58 INFO  Bild:138 -           https://www.bild.de/news/2006/stephanie-prozess-gutachten-mario-1109592.bild.html
2022-06-24 14:30:59 INFO  Bild:138 -           https://www.bild.de/news/leser-reporter/schlemmerausreden-1105106.bild.html
2022-06-24 14:30:59 INFO  Bild:138 -           https://www.bild.de/leute/2006/pete-doherty-polizei-befragung-1108868.bild.html
2022-06-24 14:31:00 INFO  Bild:138 -           https://www.bild.de/sport/2006/basketball-belgrad-randale-1108912.bild.html
2022-06-24 14:31:01 INFO  Bild:138 -           https://www.bild.de/tipps-trends/reise/winterzauber-1090720.bild.html
2022-06-24 14:31:01 INFO  Bild:138 -           https://www.bild.de/tipps-trends/reise/berlinizer-1099522.bild.html
2022-06-24 14:31:02 INFO  Bild:138 -           https://www.bild.de/spiele/kreuzwortraetsel/art-mediamarkt-kw49-1078830.bild.html
2022-06-24 14:31:03 INFO  Bild:138 -           https://www.bild.de/tipps-trends/geld-job/haus-geldanlage-1107206.bild.html
2022-06-24 14:31:04 INFO  Bild:138 -           https://www.bild.de/news/2006/anschlag-counterstrike-ankuendigung-1108358.bild.html
2022-06-24 14:31:05 INFO  Bild:138 -           https://www.bild.de/leute/2006/simone-thomalla-tatort-1106854.bild.html
2022-06-24 14:31:05 INFO  Bild:138 -           https://www.bild.de/auto/2006/ford-cmax-1106426.bild.html
2022-06-24 14:31:06 INFO  Bild:108 - https://www.bild.de/archive/2006/12/7/index.html
2022-06-24 14:31:07 INFO  Bild:138 -           https://www.bild.de/tipps-trends/reise/florida-1096680.bild.html
2022-06-24 14:31:08 INFO  Bild:138 -           https://www.bild.de/tipps-trends/reise/hg-1-florida-kompakt-1096682.bild.html
2022-06-24 14:31:08 INFO  Bild:138 -           https://www.bild.de/tipps-trends/bauen-wohnen/familienrat-umzug-1097738.bild.html
2022-06-24 14:31:09 INFO  Bild:138 -           https://www.bild.de/news/leser-reporter/ar-weihnachtsshopping-1114320.bild.html
2022-06-24 14:31:09 INFO  Bild:138 -           https://www.bild.de/sport/2006/basketball-greene-lachen-1116944.bild.html
2022-06-24 14:31:10 INFO  Bild:138 -           https://www.bild.de/news/2006/tsunami-opfer-beerdigung-1116368.bild.html
2022-06-24 14:31:10 INFO  Bild:138 -           https://www.bild.de/news/2006/tsunami-indonesien-634318.bild.html
2022-06-24 14:31:11 INFO  Bild:138 -           https://www.bild.de/news/2005/aceh-tsunami-baby-boom-46706.bild.html
2022-06-24 14:31:12 INFO  Bild:138 -           https://www.bild.de/news/2006/girl-gedicht-1117356.bild.html
2022-06-24 14:31:12 INFO  Bild:138 -           https://www.bild.de/news/leser-reporter/leserreporter-weihnachtsfeier-1117060.bild.html
2022-06-24 14:31:13 INFO  Bild:138 -           https://www.bild.de/tipps-trends/geld-job/lohn-tabelle-schande-1116374.bild.html
2022-06-24 14:31:13 INFO  Bild:138 -           https://www.bild.de/news/2006/westerwelle-kolumne-1116814.bild.html
2022-06-24 14:31:14 INFO  Bild:138 -           https://www.bild.de/tipps-trends/geld-job/hg-tabelle-1117792.bild.html
2022-06-24 14:31:15 INFO  Bild:138 -           https://www.bild.de/news/2006/trachten-se-xy-1116808.bild.html
2022-06-24 14:31:15 INFO  Bild:138 -           https://www.bild.de/news/2006/kunst-prozess-sper-ma-anschlag-1116372.bild.html
2022-06-24 14:31:16 INFO  Bild:138 -           https://www.bild.de/news/2006/kommentar-1116982.bild.html
2022-06-24 14:31:16 INFO  Bild:138 -           https://www.bild.de/news/2006/scherf-serie-teil-5-1116382.bild.html
2022-06-24 14:31:17 INFO  Bild:138 -           https://www.bild.de/tipps-trends/geld-job/buerowitze-verboten-1116380.bild.html
2022-06-24 14:31:18 INFO  Bild:138 -           https://www.bild.de/news/2006/amok-panik-1116366.bild.html
2022-06-24 14:31:18 INFO  Bild:138 -           https://www.bild.de/news/2006/wagner-1116986.bild.html
2022-06-24 14:31:19 INFO  Bild:138 -           https://www.bild.de/news/2006/taxifahrer-ueberfall-koma-1116370.bild.html
2022-06-24 14:31:20 INFO  Bild:138 -           https://www.bild.de/leute/2006/doherty-comic-1115564.bild.html
2022-06-24 14:31:20 INFO  Bild:138 -           https://www.bild.de/leute/2006/farrah-fawcett-krebs-1117042.bild.html
2022-06-24 14:31:20 INFO  Bild:138 -           https://www.bild.de/leute/2006/klatsch-beckham-cruise-081206-1116988.bild.html
2022-06-24 14:31:21 INFO  Bild:138 -           https://www.bild.de/leute/2006/baumeister-liebes-aus-1116904.bild.html
2022-06-24 14:31:21 INFO  Bild:138 -           https://www.bild.de/sport/2006/henry-maske-knie-operation-1116956.bild.html
2022-06-24 14:31:22 INFO  Bild:138 -           https://www.bild.de/sport/2006/jan-ullrich-bildbesuch-kinder-1116950.bild.html
2022-06-24 14:31:22 INFO  Bild:138 -           https://www.bild.de/sport/2006/zuschauer-mio-wmfilm-1116948.bild.html
2022-06-24 14:31:23 INFO  Bild:138 -           https://www.bild.de/sport/2006/americas-cup-herzfuerkinder-1116770.bild.html
2022-06-24 14:31:24 INFO  Bild:138 -           https://www.bild.de/sport/2006/todessturz-reiten-1116946.bild.html
2022-06-24 14:31:24 INFO  Bild:138 -           https://www.bild.de/sport/bundesliga/kahn-rueckendeckung-bayernkritik-1116936.bild.html
2022-06-24 14:31:25 INFO  Bild:138 -           https://www.bild.de/sport/bundesliga/atouba-stinkefinger-kein-rauswurf-1116930.bild.html
2022-06-24 14:31:25 INFO  Bild:138 -           https://www.bild.de/sport/bundesliga/kommentar-1117292.bild.html
2022-06-24 14:31:26 INFO  Bild:138 -           https://www.bild.de/sport/bundesliga/hg-doll-1117386.bild.html
2022-06-24 14:31:27 INFO  Bild:138 -           https://www.bild.de/sport/bundesliga/hg-atouba-absturz-1117464.bild.html
2022-06-24 14:31:27 INFO  Bild:138 -           https://www.bild.de/sport/bundesliga/hg-bekannteste-stinkefinger-1117260.bild.html
2022-06-24 14:31:28 INFO  Bild:138 -           https://www.bild.de/sport/bundesliga/daum-liverpool-star-1116932.bild.html
2022-06-24 14:31:28 INFO  Bild:138 -           https://www.bild.de/sport/bundesliga/vorschau-hertha-1116940.bild.html
2022-06-24 14:31:29 INFO  Bild:138 -           https://www.bild.de/sport/bundesliga/schlaudraff-bayern-werder-1116934.bild.html
2022-06-24 14:31:30 INFO  Bild:138 -           https://www.bild.de/leute/2006/mel-gibson-kampf-alkohol-1116992.bild.html
2022-06-24 14:31:30 INFO  Bild:138 -           https://www.bild.de/sport/2006/klinsmann-usa-absage-1117860.bild.html
2022-06-24 14:31:31 INFO  Bild:138 -           https://www.bild.de/sport/2006/maske-meniskus-operation-1116772.bild.html
2022-06-24 14:31:31 INFO  Bild:138 -           https://www.bild.de/sport/bundesliga/werder-carlos-alberto-1116454.bild.html
2022-06-24 14:31:34 INFO  Bild:138 -           https://www.bild.de/auto/2006/promi-autos-1111904.bild.html
2022-06-24 14:31:34 INFO  Bild:138 -           https://www.bild.de/auto/2006/irrtuemer-1079666.bild.html
2022-06-24 14:31:35 INFO  Bild:138 -           https://www.bild.de/news/leser-reporter/voting-ergebnis-1114490.bild.html
2022-06-24 14:31:36 INFO  Bild:138 -           https://www.bild.de/news/leser-reporter/ar-antwort-seite-1114468.bild.html
2022-06-24 14:31:36 INFO  Bild:138 -           https://www.bild.de/leute/2006/internetklatsch-verlassene-maenner-1114220.bild.html
2022-06-24 14:31:37 INFO  Bild:138 -           https://www.bild.de/leute/2006/britney-spears-jugendamt-1113912.bild.html
2022-06-24 14:31:38 INFO  Bild:138 -           https://www.bild.de/news/2006/fhm-julia-1115562.bild.html
2022-06-24 14:31:38 INFO  Bild:138 -           https://www.bild.de/tipps-trends/bauen-wohnen/hg-das-ist-tabu-1097796.bild.html
2022-06-24 14:31:39 INFO  Bild:138 -           https://www.bild.de/spiele/deutschland-spielt/art-joes-farm-1110226.bild.html
2022-06-24 14:31:40 INFO  Bild:138 -           https://www.bild.de/sport/2006/atouba-entschuldigung-wortlaut-1115894.bild.html
